Build started 7/6/2014 23:41:28.
     1>Project "c:\Users\David\git\RadioApp\UCCSRadio\streamerExtension\build_streamerextension_windows_win32_vc12x_x86\streamerExtension_windows_vc12x.vcxproj" on node 2 (Build target(s)).
     1>CustomBuild:
         Performing Custom Build Tools
         msg: option 'default-buildenv' overridden by command line
         C:\Marmalade\7.3\s3e\makefile_builder\mkb.py c:/Users/David/git/RadioApp/UCCSRadio/streamerExtension/streamerExtension_windows.mkb --default-buildenv=vc12x --msvc-project
         Building project: c:/Users/David/git/RadioApp/UCCSRadio/streamerExtension/streamerExtension_windows.mkb
         loading extension: edk_build
         processing extension: c:\users\david\git\radioapp\uccsradio\streamerextension\streamerExtension.s4e
         done
       ClCompile:
         C:\Marmalade\7.3\s3e\bin\CL.exe /c /Ic:/users/david/git/radioapp/uccsradio/streamerextension/source/h /Ic:/users/david/git/radioapp/uccsradio/streamerextension/h /Ic:/marmalade/7.3/s3e/edk/h /Ic:/marmalade/7.3/s3e/h /Ic:/marmalade/7.3/s3e/h/ext /Ic:/marmalade/7.3/modules/iwutil/h /Ic:/marmalade/7.3/modules/iwcore/h /I. /ZI /nologo /W3 /WX- /MP /Od /Oy- /Gm- /EHsc /RTC1 /MTd /GS /Gy /fp:precise /Zc:wchar_t /Zc:forScope /Fo"Debug_streamerExtension_windows_vc12x_x86\\" /Fd"Debug_streamerExtension_windows_vc12x_x86\vc120.pdb" /Gd /TP /analyze- /errorReport:prompt /S3Eproject /J /FI"c:\Users\David\git\RadioApp\UCCSRadio\streamerExtension\build_streamerextension_windows_win32_vc12x_x86\temp_defines_debug.h" ..\source\generic\streamerExtension.cpp ..\source\windows\streamerExtension_platform.cpp ..\source\generic\streamerExtension_register.cpp
         streamerExtension.cpp
         streamerExtension_platform.cpp
         streamerExtension_register.cpp
       Link:
         C:\Marmalade\7.3\s3e\bin\link.exe /ERRORREPORT:PROMPT /OUT:"c:\Users\David\git\RadioApp\UCCSRadio\streamerExtension\lib\win32\streamerExtension_d.dll" /INCREMENTAL /NOLOGO /LIBPATH:c:/marmalade/7.3/s3e/edk/lib/win32/lib/x86 edk_d.lib /MANIFEST:NO /DEBUG /PDB:"c:\Users\David\git\RadioApp\UCCSRadio\streamerExtension\lib\win32\streamerExtension_d.pdb" /SUBSYSTEM:WINDOWS /OPT:NOREF /OPT:NOICF /TLBID:1 /DYNAMICBASE /NXCOMPAT /IMPLIB:"c:\Users\David\git\RadioApp\UCCSRadio\streamerExtension\lib\win32\streamerExtension_d.lib" /MACHINE:X86  /force:multiple /DLL Debug_streamerExtension_windows_vc12x_x86\streamerExtension.obj
         Debug_streamerExtension_windows_vc12x_x86\streamerExtension_platform.obj
         Debug_streamerExtension_windows_vc12x_x86\streamerExtension_register.obj
     1>LINK : warning LNK4075: ignoring '/INCREMENTAL' due to '/FORCE' specification
     1>streamerExtension.obj : warning LNK4075: ignoring '/EDITANDCONTINUE' due to '/OPT:LBR' specification
            Creating library c:\Users\David\git\RadioApp\UCCSRadio\streamerExtension\lib\win32\streamerExtension_d.lib and object c:\Users\David\git\RadioApp\UCCSRadio\streamerExtension\lib\win32\streamerExtension_d.exp
     1>edk_d.lib(IwMain.obj) : warning LNK4099: PDB 'vc90.pdb' was not found with 'edk_d.lib(IwMain.obj)' or at 'c:\Users\David\git\RadioApp\UCCSRadio\streamerExtension\lib\win32\vc90.pdb'; linking object as if no debug info
     1>edk_d.lib(s3eConfigGetInt.obj) : warning LNK4099: PDB 'vc90.pdb' was not found with 'edk_d.lib(s3eConfigGetInt.obj)' or at 'c:\Users\David\git\RadioApp\UCCSRadio\streamerExtension\lib\win32\vc90.pdb'; linking object as if no debug info
     1>edk_d.lib(s3eDebugAssertShow.obj) : warning LNK4099: PDB 'vc90.pdb' was not found with 'edk_d.lib(s3eDebugAssertShow.obj)' or at 'c:\Users\David\git\RadioApp\UCCSRadio\streamerExtension\lib\win32\vc90.pdb'; linking object as if no debug info
     1>edk_d.lib(s3eDebugErrorShow.obj) : warning LNK4099: PDB 'vc90.pdb' was not found with 'edk_d.lib(s3eDebugErrorShow.obj)' or at 'c:\Users\David\git\RadioApp\UCCSRadio\streamerExtension\lib\win32\vc90.pdb'; linking object as if no debug info
     1>edk_d.lib(s3eDebugIsDebuggerPresent.obj) : warning LNK4099: PDB 'vc90.pdb' was not found with 'edk_d.lib(s3eDebugIsDebuggerPresent.obj)' or at 'c:\Users\David\git\RadioApp\UCCSRadio\streamerExtension\lib\win32\vc90.pdb'; linking object as if no debug info
     1>edk_d.lib(s3eDebugRegister.obj) : warning LNK4099: PDB 'vc90.pdb' was not found with 'edk_d.lib(s3eDebugRegister.obj)' or at 'c:\Users\David\git\RadioApp\UCCSRadio\streamerExtension\lib\win32\vc90.pdb'; linking object as if no debug info
     1>edk_d.lib(s3eDebugSetInt.obj) : warning LNK4099: PDB 'vc90.pdb' was not found with 'edk_d.lib(s3eDebugSetInt.obj)' or at 'c:\Users\David\git\RadioApp\UCCSRadio\streamerExtension\lib\win32\vc90.pdb'; linking object as if no debug info
     1>edk_d.lib(s3eDebugTraceChannelSwitch.obj) : warning LNK4099: PDB 'vc90.pdb' was not found with 'edk_d.lib(s3eDebugTraceChannelSwitch.obj)' or at 'c:\Users\David\git\RadioApp\UCCSRadio\streamerExtension\lib\win32\vc90.pdb'; linking object as if no debug info
     1>edk_d.lib(s3eDebugTraceLine.obj) : warning LNK4099: PDB 'vc90.pdb' was not found with 'edk_d.lib(s3eDebugTraceLine.obj)' or at 'c:\Users\David\git\RadioApp\UCCSRadio\streamerExtension\lib\win32\vc90.pdb'; linking object as if no debug info
     1>edk_d.lib(s3eEdkErrorSetStringV.obj) : warning LNK4099: PDB 'vc90.pdb' was not found with 'edk_d.lib(s3eEdkErrorSetStringV.obj)' or at 'c:\Users\David\git\RadioApp\UCCSRadio\streamerExtension\lib\win32\vc90.pdb'; linking object as if no debug info
     1>edk_d.lib(s3eEdkRegister.obj) : warning LNK4099: PDB 'vc90.pdb' was not found with 'edk_d.lib(s3eEdkRegister.obj)' or at 'c:\Users\David\git\RadioApp\UCCSRadio\streamerExtension\lib\win32\vc90.pdb'; linking object as if no debug info
     1>edk_d.lib(s3eEdkThreadRunOnOSAsyncV.obj) : warning LNK4099: PDB 'vc90.pdb' was not found with 'edk_d.lib(s3eEdkThreadRunOnOSAsyncV.obj)' or at 'c:\Users\David\git\RadioApp\UCCSRadio\streamerExtension\lib\win32\vc90.pdb'; linking object as if no debug info
     1>edk_d.lib(s3eEdkThreadRunOnOSV.obj) : warning LNK4099: PDB 'vc90.pdb' was not found with 'edk_d.lib(s3eEdkThreadRunOnOSV.obj)' or at 'c:\Users\David\git\RadioApp\UCCSRadio\streamerExtension\lib\win32\vc90.pdb'; linking object as if no debug info
     1>edk_d.lib(s3eTimerGetUTC.obj) : warning LNK4099: PDB 'vc90.pdb' was not found with 'edk_d.lib(s3eTimerGetUTC.obj)' or at 'c:\Users\David\git\RadioApp\UCCSRadio\streamerExtension\lib\win32\vc90.pdb'; linking object as if no debug info
     1>edk_d.lib(iwcrt_api_bind.obj) : warning LNK4099: PDB 'vc90.pdb' was not found with 'edk_d.lib(iwcrt_api_bind.obj)' or at 'c:\Users\David\git\RadioApp\UCCSRadio\streamerExtension\lib\win32\vc90.pdb'; linking object as if no debug info
     1>edk_d.lib(edk_helpers.obj) : warning LNK4099: PDB 'vc90.pdb' was not found with 'edk_d.lib(edk_helpers.obj)' or at 'c:\Users\David\git\RadioApp\UCCSRadio\streamerExtension\lib\win32\vc90.pdb'; linking object as if no debug info
     1>edk_d.lib(IwDebug.obj) : warning LNK4099: PDB 'vc90.pdb' was not found with 'edk_d.lib(IwDebug.obj)' or at 'c:\Users\David\git\RadioApp\UCCSRadio\streamerExtension\lib\win32\vc90.pdb'; linking object as if no debug info
         streamerExtension_windows_vc12x.vcxproj -> c:\Users\David\git\RadioApp\UCCSRadio\streamerExtension\lib\win32\streamerExtension_d.dll
     1>Done Building Project "c:\Users\David\git\RadioApp\UCCSRadio\streamerExtension\build_streamerextension_windows_win32_vc12x_x86\streamerExtension_windows_vc12x.vcxproj" (Build target(s)).

Build succeeded.

Time Elapsed 00:00:01.41
